<?xml version="1.0" encoding="UTF-8"?>
<testsuite name="com.traveltrove.betraveltrove.business.TourServiceUnitTest" tests="1" skipped="0" failures="0" errors="0" timestamp="2024-12-09T05:40:50" hostname="LENOVO" time="1.863">
  <properties/>
  <testcase name="whenGetTourByTourId_withNonExistingId_thenReturnNotFound()" classname="com.traveltrove.betraveltrove.business.TourServiceUnitTest" time="1.863"/>
  <system-out><![CDATA[]]></system-out>
  <system-err><![CDATA[]]></system-err>
</testsuite>
